[2026-04-10 14:26:34]
- Updated netlify.toml to use root-level Netlify build/publish paths (frontend via --prefix).
- Verified production build with the same command configured for Netlify.

[2026-04-10 14:33:43]
- Fixed frontend API base normalization: empty or '/' VITE_API_BASE now falls back to '/api' to avoid '/auth/*' requests on Netlify.
- Verified frontend production build after the fix (npm --prefix frontend run build).

[2026-04-10 14:47:39]
- Prepared Railway deployment profile: switched frontend container startup to production build+preview on Railway PORT.
- Added Railway deployment guide and service env templates (backend/frontend) under docs/ and ops/railway/.
- Performed readiness checks: frontend production build passed; backend Python modules compile successfully.

[2026-04-10 15:04:34]
- Added Vercel frontend deployment configuration (root vercel.json) for monorepo build/output and SPA routing rewrite.
- Added Vercel deployment guide and frontend env template under docs/ and ops/vercel/.
- Updated README with Vercel deployment profile notes and required VITE_API_BASE setup.
- Verified frontend production build for Vercel workflow (npm --prefix frontend run build).

[2026-04-10 15:12:50]
- Enabled full-stack Vercel mode: added Python API entrypoint (api/index.py) to serve existing FastAPI backend from same Vercel project.
- Updated root vercel.json to preserve /api routes and keep SPA rewrite only for non-API paths; added Python function bundle config.
- Added root requirements.txt for Vercel Python dependency install and new backend env template ops/vercel/backend.env.example.
- Updated Vercel deployment docs/README to one-project frontend+backend flow and VITE_API_BASE=/api guidance.

[2026-04-10 15:18:35]
- Rolled deployment setup back to Netlify baseline by reverting Railway and Vercel deployment profile changes.
- Removed Vercel/Railway-specific deploy files and restored frontend Docker runtime to the pre-Railway state.

[2026-04-10 15:23:28]
- Removed runtime registration/login screen usage and enabled automatic login with preset demo account buyer1@usc.demo in frontend app startup.
- Added auto-login status/retry screen for unauthenticated state instead of rendering AuthScreen.
- Verified frontend production build after auth flow change (npm --prefix frontend run build).

